<?xml version="1.0" encoding="UTF-8"?>
<!-- Generated by org.testng.reporters.JUnitXMLReporter -->
<testsuite hostname="PF0Q05ME" name="SendEmailTest" tests="4" failures="0" timestamp="4 Sep 2017 19:48:17 GMT" time="24.574" errors="0">
  <testcase name="login" time="9.187" classname="com.npqa.webTest.SendEmailTest"/>
  <testcase name="clickCompose" time="1.897" classname="com.npqa.webTest.SendEmailTest"/>
  <testcase name="composeEmail" time="5.825" classname="com.npqa.webTest.SendEmailTest"/>
  <testcase name="sendEmail" time="1.476" classname="com.npqa.webTest.SendEmailTest"/>
</testsuite> <!-- SendEmailTest -->
